<?xml version="1.0" encoding="UTF-8"?>
<!-- Generated by org.testng.reporters.JUnitXMLReporter -->
<testsuite ignored="1" hostname="AUTOMATION-LAB" failures="0" tests="1" name="Default test" time="0.074" errors="0" timestamp="2024-12-08T11:37:27 IST">
  <testcase classname="com.OrangeHrm.genericScripts.BasePage" name="@BeforeClass BrowserInitialization" time="-1.733638047236E9">
    <failure type="org.testng.TestNGException" message="
Parameter &amp;apos;BrowserInit&amp;apos; is required by BeforeClass on method BrowserInitialization but has not been marked @Optional or defined
in C:\Users\QSPR\AppData\Local\Temp\testng-eclipse-1859693909\testng-customsuite.xml">
      <![CDATA[org.testng.TestNGException: 
Parameter 'BrowserInit' is required by BeforeClass on method BrowserInitialization but has not been marked @Optional or defined
in C:\Users\QSPR\AppData\Local\Temp\testng-eclipse-1859693909\testng-customsuite.xml
at org.testng.internal.Parameters.createParams(Parameters.java:267)
at org.testng.internal.Parameters.createParametersForMethod(Parameters.java:355)
at org.testng.internal.Parameters.createParameters(Parameters.java:693)
at org.testng.internal.Parameters.createConfigurationParameters(Parameters.java:166)
at org.testng.internal.invokers.ConfigInvoker.invokeConfigurations(ConfigInvoker.java:306)
at org.testng.internal.invokers.TestMethodWorker.invokeBeforeClassMethods(TestMethodWorker.java:180)
at org.testng.internal.invokers.TestMethodWorker.run(TestMethodWorker.java:122)
at java.base/java.util.ArrayList.forEach(ArrayList.java:1511)
at org.testng.TestRunner.privateRun(TestRunner.java:819)
at org.testng.TestRunner.run(TestRunner.java:619)
at org.testng.SuiteRunner.runTest(SuiteRunner.java:443)
at org.testng.SuiteRunner.runSequentially(SuiteRunner.java:437)
at org.testng.SuiteRunner.privateRun(SuiteRunner.java:397)
at org.testng.SuiteRunner.run(SuiteRunner.java:336)
at org.testng.SuiteRunnerWorker.runSuite(SuiteRunnerWorker.java:52)
at org.testng.SuiteRunnerWorker.run(SuiteRunnerWorker.java:95)
at org.testng.TestNG.runSuitesSequentially(TestNG.java:1301)
at org.testng.TestNG.runSuitesLocally(TestNG.java:1228)
at org.testng.TestNG.runSuites(TestNG.java:1134)
at org.testng.TestNG.run(TestNG.java:1101)
at org.testng.remote.AbstractRemoteTestNG.run(AbstractRemoteTestNG.java:115)
at org.testng.remote.RemoteTestNG.initAndRun(RemoteTestNG.java:251)
at org.testng.remote.RemoteTestNG.main(RemoteTestNG.java:77)
]]>
    </failure>
  </testcase> <!-- @BeforeClass BrowserInitialization -->
  <testcase classname="com.OrangeHrm.genericScripts.BasePage" name="@BeforeMethod BrowserSetUp" time="0.0">
    <skipped/>
  </testcase> <!-- @BeforeMethod BrowserSetUp -->
  <testcase classname="com.OrangeHrm.genericScripts.BasePage" name="@AfterMethod TearDown" time="0.0">
    <skipped/>
  </testcase> <!-- @AfterMethod TearDown -->
  <testcase classname="com.OrangeHrm.genericScripts.BasePage" name="@AfterClass Reports" time="0.0">
    <skipped/>
  </testcase> <!-- @AfterClass Reports -->
  <testcase classname="com.OrangeHrm.runnerScripts.TC01_VerifyAddEmp" name="CreateEmp" time="0.0">
    <skipped/>
  </testcase> <!-- CreateEmp -->
  <testcase classname="com.OrangeHrm.runnerScripts.TC01_VerifyAddEmp" name="VerifyAddEmp" time="0.0">
    <ignored/>
  </testcase> <!-- VerifyAddEmp -->
</testsuite> <!-- Default test -->
