<?xml version="1.0" encoding="UTF-8"?>
<!-- Generated by org.testng.reporters.JUnitXMLReporter -->
<testsuite ignored="0" hostname="LAPTOP-NES6FNAM" failures="1" tests="1" name="Test" time="12.617" errors="0" timestamp="2024-12-15T10:40:40 IST">
  <testcase classname="com.OrangeHrm.runnerScripts.TC01_VerifyAddEmp" name="VerifyAddEmp" time="4.272">
    <failure type="java.lang.AssertionError" message="null">
      <![CDATA[java.lang.AssertionError: null
at com.OrangeHrm.runnerScripts.TC01_VerifyAddEmp.VerifyAddEmp(TC01_VerifyAddEmp.java:20)
at java.base/java.util.ArrayList.forEach(ArrayList.java:1511)
... Removed 29 stack frames]]>
    </failure>
  </testcase> <!-- VerifyAddEmp -->
</testsuite> <!-- Test -->
