<?xml version="1.0" encoding="UTF-8"?>
<testng-results ignored="0" total="1" passed="0" failed="1" skipped="0">
  <reporter-output>
  </reporter-output>
  <suite started-at="2024-12-15T10:40:27 IST" name="Suite" finished-at="2024-12-15T10:40:40 IST" duration-ms="12617">
    <groups>
    </groups>
    <test started-at="2024-12-15T10:40:27 IST" name="Test" finished-at="2024-12-15T10:40:40 IST" duration-ms="12617">
      <class name="com.OrangeHrm.runnerScripts.TC01_VerifyAddEmp">
        <test-method is-config="true" signature="BrowserInitialization(java.lang.String)[pri:0, instance:com.OrangeHrm.runnerScripts.TC01_VerifyAddEmp@36916eb0]" started-at="2024-12-15T10:40:27 IST" name="BrowserInitialization" finished-at="2024-12-15T10:40:28 IST" duration-ms="371" status="PASS">
          <params>
            <param index="0">
              <value>
                <![CDATA[chrome]]>
              </value>
            </param>
          </params>
          <reporter-output>
          </reporter-output>
        </test-method> <!-- BrowserInitialization -->
        <test-method is-config="true" signature="BrowserSetUp(java.lang.String)[pri:0, instance:com.OrangeHrm.runnerScripts.TC01_VerifyAddEmp@36916eb0]" started-at="2024-12-15T10:40:28 IST" name="BrowserSetUp" finished-at="2024-12-15T10:40:33 IST" duration-ms="5200" status="PASS">
          <params>
            <param index="0">
              <value>
                <![CDATA[chrome]]>
              </value>
            </param>
          </params>
          <reporter-output>
          </reporter-output>
        </test-method> <!-- BrowserSetUp -->
        <test-method signature="VerifyAddEmp()[pri:0, instance:com.OrangeHrm.runnerScripts.TC01_VerifyAddEmp@36916eb0]" started-at="2024-12-15T10:40:33 IST" name="VerifyAddEmp" finished-at="2024-12-15T10:40:37 IST" duration-ms="4272" status="FAIL">
          <exception class="java.lang.AssertionError">
            <message>
              <![CDATA[null]]>
            </message>
            <full-stacktrace>
              <![CDATA[java.lang.AssertionError: null
at org.testng.Assert.fail(Assert.java:99)
at org.testng.Assert.fail(Assert.java:106)
at com.OrangeHrm.runnerScripts.TC01_VerifyAddEmp.VerifyAddEmp(TC01_VerifyAddEmp.java:20)
at java.base/jdk.internal.reflect.NativeMethodAccessorImpl.invoke0(Native Method)
at java.base/jdk.internal.reflect.NativeMethodAccessorImpl.invoke(NativeMethodAccessorImpl.java:77)
at java.base/jdk.internal.reflect.DelegatingMethodAccessorImpl.invoke(DelegatingMethodAccessorImpl.java:43)
at java.base/java.lang.reflect.Method.invoke(Method.java:568)
at org.testng.internal.MethodInvocationHelper.invokeMethod(MethodInvocationHelper.java:133)
at org.testng.internal.TestInvoker.invokeMethod(TestInvoker.java:598)
at org.testng.internal.TestInvoker.invokeTestMethod(TestInvoker.java:173)
at org.testng.internal.MethodRunner.runInSequence(MethodRunner.java:46)
at org.testng.internal.TestInvoker$MethodInvocationAgent.invoke(TestInvoker.java:824)
at org.testng.internal.TestInvoker.invokeTestMethods(TestInvoker.java:146)
at org.testng.internal.TestMethodWorker.invokeTestMethods(TestMethodWorker.java:146)
at org.testng.internal.TestMethodWorker.run(TestMethodWorker.java:128)
at java.base/java.util.ArrayList.forEach(ArrayList.java:1511)
at org.testng.TestRunner.privateRun(TestRunner.java:794)
at org.testng.TestRunner.run(TestRunner.java:596)
at org.testng.SuiteRunner.runTest(SuiteRunner.java:377)
at org.testng.SuiteRunner.runSequentially(SuiteRunner.java:371)
at org.testng.SuiteRunner.privateRun(SuiteRunner.java:332)
at org.testng.SuiteRunner.run(SuiteRunner.java:276)
at org.testng.SuiteRunnerWorker.runSuite(SuiteRunnerWorker.java:53)
at org.testng.SuiteRunnerWorker.run(SuiteRunnerWorker.java:96)
at org.testng.TestNG.runSuitesSequentially(TestNG.java:1212)
at org.testng.TestNG.runSuitesLocally(TestNG.java:1134)
at org.testng.TestNG.runSuites(TestNG.java:1063)
at org.testng.TestNG.run(TestNG.java:1031)
at org.testng.remote.AbstractRemoteTestNG.run(AbstractRemoteTestNG.java:115)
at org.testng.remote.RemoteTestNG.initAndRun(RemoteTestNG.java:293)
at org.testng.remote.RemoteTestNG.main(RemoteTestNG.java:91)
]]>
            </full-stacktrace>
          </exception> <!-- java.lang.AssertionError -->
          <reporter-output>
          </reporter-output>
        </test-method> <!-- VerifyAddEmp -->
        <test-method is-config="true" signature="TearDown(org.testng.ITestResult)[pri:0, instance:com.OrangeHrm.runnerScripts.TC01_VerifyAddEmp@36916eb0]" started-at="2024-12-15T10:40:37 IST" name="TearDown" finished-at="2024-12-15T10:40:40 IST" duration-ms="2741" status="PASS">
          <params>
            <param index="0">
              <value>
                <![CDATA[[TestResult name=VerifyAddEmp status=FAILURE method=TC01_VerifyAddEmp.VerifyAddEmp()[pri:0, instance:com.OrangeHrm.runnerScripts.TC01_VerifyAddEmp@36916eb0] output={null}]]]>
              </value>
            </param>
          </params>
          <reporter-output>
          </reporter-output>
        </test-method> <!-- TearDown -->
        <test-method is-config="true" signature="Reports()[pri:0, instance:com.OrangeHrm.runnerScripts.TC01_VerifyAddEmp@36916eb0]" started-at="2024-12-15T10:40:40 IST" name="Reports" finished-at="2024-12-15T10:40:40 IST" duration-ms="0" status="PASS">
          <reporter-output>
          </reporter-output>
        </test-method> <!-- Reports -->
      </class> <!-- com.OrangeHrm.runnerScripts.TC01_VerifyAddEmp -->
    </test> <!-- Test -->
  </suite> <!-- Suite -->
</testng-results>
